Traceback (most recent call last):
  File "/Library/Frameworks/Python.framework/Versions/3.8/lib/python3.8/site-packages/jupyter_cache/executors/utils.py", line 58, in single_nb_execution
    executenb(
  File "/Library/Frameworks/Python.framework/Versions/3.8/lib/python3.8/site-packages/nbclient/client.py", line 1085, in execute
    return NotebookClient(nb=nb, resources=resources, km=km, **kwargs).execute()
  File "/Library/Frameworks/Python.framework/Versions/3.8/lib/python3.8/site-packages/nbclient/util.py", line 84, in wrapped
    return just_run(coro(*args, **kwargs))
  File "/Library/Frameworks/Python.framework/Versions/3.8/lib/python3.8/site-packages/nbclient/util.py", line 62, in just_run
    return loop.run_until_complete(coro)
  File "/Library/Frameworks/Python.framework/Versions/3.8/lib/python3.8/asyncio/base_events.py", line 616, in run_until_complete
    return future.result()
  File "/Library/Frameworks/Python.framework/Versions/3.8/lib/python3.8/site-packages/nbclient/client.py", line 551, in async_execute
    await self.async_execute_cell(
  File "/Library/Frameworks/Python.framework/Versions/3.8/lib/python3.8/site-packages/nbclient/client.py", line 846, in async_execute_cell
    self._check_raise_for_error(cell, exec_reply)
  File "/Library/Frameworks/Python.framework/Versions/3.8/lib/python3.8/site-packages/nbclient/client.py", line 748, in _check_raise_for_error
    raise CellExecutionError.from_cell_and_msg(cell, exec_reply_content)
nbclient.exceptions.CellExecutionError: An error occurred while executing the following cell:
------------------
# --- INICIO DEL PARCHE (Copiar esto al principio) ---
import sys
import importlib

# Si Python es antiguo (< 3.9) y falta la funci√≥n 'files', la inyectamos a la fuerza
try:
    importlib.resources.files
except AttributeError:
    try:
        import importlib_resources
        importlib.resources.files = importlib_resources.files
    except ImportError:
        print("ERROR CR√çTICO: Necesitas instalar la librer√≠a 'importlib-resources'.")
        print("Ejecuta en tu terminal: pip install importlib-resources")

# --- FIN DEL PARCHE ---

from jupyterquiz import display_quiz

# Definimos las preguntas
questions = [
    {
        "question": "1. Si en el problema original la carga $q_1$ fuera $+q$ y la carga $q_2$ fuera $-2q$ (manteniendo la misma distancia $d$), ¬ød√≥nde deber√≠a ubicarse $q_3$ para que la fuerza neta sea cero?",
        "type": "multiple_choice",
        "answers": [
            {
                "answer": "Entre $q_1$ y $q_2$.",
                "correct": False,
                "feedback": "Incorrecto. Entre cargas de signo opuesto las fuerzas se suman, no se cancelan."
            },
            {
                "answer": "A la izquierda de $q_1$.",
                "correct": True,
                "feedback": "¬°Correcto! Al tener signos opuestos, el equilibrio est√° fuera. Como $|q_1| < |q_2|$, debe estar m√°s cerca de la carga menor."
            },
            {
                "answer": "A la derecha de $q_2$.",
                "correct": False,
                "feedback": "Incorrecto. Estar√≠a m√°s cerca de la carga mayor ($2q$), por lo que su fuerza dominar√≠a y no habr√≠a equilibrio."
            },
            {
                "answer": "No es posible encontrar un punto de equilibrio.",
                "correct": False,
                "feedback": "Incorrecto. S√≠ existe un punto donde las fuerzas se anulan."
            }
        ]
    },
    {
        "question": "2. Si la carga $q_3$ est√° en equilibrio y duplicamos la magnitud de $q_1$ a $+2q$ (manteniendo $q_2=+2q$), ¬øqu√© ocurrir√° con la fuerza neta sobre $q_3$?",
        "type": "multiple_choice",
        "answers": [
            {
                "answer": "La fuerza neta seguir√° siendo cero.",
                "correct": False,
                "feedback": "Falso. El equilibrio se rompe al cambiar una de las magnitudes."
            },
            {
                "answer": "La fuerza neta apuntar√° hacia $q_1$.",
                "correct": False,
                "feedback": "Incorrecto. La fuerza de $q_2$ no ha aumentado, pero la de $q_1$ s√≠."
            },
            {
                "answer": "La fuerza neta apuntar√° hacia $q_2$.",
                "correct": True,
                "feedback": "¬°Correcto! La repulsi√≥n desde $q_1$ (izquierda) aumenta, empujando $q_3$ hacia la derecha (hacia $q_2$)."
            }
        ]
    },
    {
        "question": "3. Si cambiamos el signo de $q_3$ (de positivo a negativo), ¬øc√≥mo afecta esto a la posici√≥n de equilibrio calculada?",
        "type": "multiple_choice",
        "answers": [
            {
                "answer": "Se desplaza hacia $q_1$.",
                "correct": False,
                "feedback": "No. La posici√≥n geom√©trica del equilibrio de fuerzas no depende del signo de la carga de prueba."
            },
            {
                "answer": "Se desplaza hacia $q_2$.",
                "correct": False,
                "feedback": "No. La posici√≥n geom√©trica del equilibrio de fuerzas no depende del signo de la carga de prueba."
            },
            {
                "answer": "La posici√≥n de equilibrio no se ve afectada.",
                "correct": True,
                "feedback": "¬°Correcto! Matem√°ticamente $q_3$ se cancela. F√≠sicamente, las fuerzas se invierten pero siguen oponi√©ndose entre s√≠."
            }
        ]
    },
    {
        "question": "4. ¬øPor qu√© se descart√≥ la soluci√≥n matem√°tica negativa $x < 0$ (a la izquierda de $q_1$) para el caso de dos cargas positivas?",
        "type": "multiple_choice",
        "answers": [
            {
                "answer": "Porque $x$ negativo no tiene sentido f√≠sico.",
                "correct": False,
                "feedback": "Las coordenadas negativas tienen sentido f√≠sico, el problema es la direcci√≥n de las fuerzas."
            },
            {
                "answer": "Porque en esa posici√≥n las fuerzas de $q_1$ y $q_2$ apuntan en la misma direcci√≥n.",
                "correct": True,
                "feedback": "¬°Exacto! A la izquierda, ambas cargas empujan hacia el mismo lado. No pueden cancelarse."
            },
            {
                "answer": "Porque la magnitud de la fuerza ser√≠a infinita.",
                "correct": False,
                "feedback": "Incorrecto. La fuerza solo es infinita si $r=0$."
            }
        ]
    }
]

display_quiz(questions)
------------------

[0;31m---------------------------------------------------------------------------[0m
[0;31mAttributeError[0m                            Traceback (most recent call last)
Cell [0;32mIn[6], line 7[0m
[1;32m      6[0m [38;5;28;01mtry[39;00m:
[0;32m----> 7[0m     [43mimportlib[49m[38;5;241;43m.[39;49m[43mresources[49m[38;5;241m.[39mfiles
[1;32m      8[0m [38;5;28;01mexcept[39;00m [38;5;167;01mAttributeError[39;00m:

[0;31mAttributeError[0m: module 'importlib' has no attribute 'resources'

During handling of the above exception, another exception occurred:

[0;31mAttributeError[0m                            Traceback (most recent call last)
Cell [0;32mIn[6], line 11[0m
[1;32m      9[0m [38;5;28;01mtry[39;00m:
[1;32m     10[0m     [38;5;28;01mimport[39;00m [38;5;21;01mimportlib_resources[39;00m
[0;32m---> 11[0m     [43mimportlib[49m[38;5;241;43m.[39;49m[43mresources[49m[38;5;241m.[39mfiles [38;5;241m=[39m importlib_resources[38;5;241m.[39mfiles
[1;32m     12[0m [38;5;28;01mexcept[39;00m [38;5;167;01mImportError[39;00m:
[1;32m     13[0m     [38;5;28mprint[39m([38;5;124m"[39m[38;5;124mERROR CR√çTICO: Necesitas instalar la librer√≠a [39m[38;5;124m'[39m[38;5;124mimportlib-resources[39m[38;5;124m'[39m[38;5;124m.[39m[38;5;124m"[39m)

[0;31mAttributeError[0m: module 'importlib' has no attribute 'resources'
AttributeError: module 'importlib' has no attribute 'resources'

